nov. 24, 2025 8:55:36 PM com.ecocity.utils.GameLogger log
INFOS: [2025-11-24T20:55:36.593864800] [INFO] Game Started
nov. 24, 2025 8:56:16 PM com.ecocity.utils.GameLogger log
INFOS: [2025-11-24T20:56:16.702110200] [STATE] Game: MENU -> PLAYING
nov. 24, 2025 8:56:16 PM com.ecocity.utils.GameLogger log
INFOS: [2025-11-24T20:56:16.800120] [DECORATOR] SolarPanelDecorator applied to Mairie
nov. 24, 2025 9:03:35 PM com.ecocity.utils.GameLogger log
INFOS: [2025-11-24T21:03:35.892477] [INFO] Game Started
nov. 24, 2025 9:10:31 PM com.ecocity.utils.GameLogger log
INFOS: [2025-11-24T21:10:31.592660600] [INFO] Game Started
nov. 24, 2025 9:10:35 PM com.ecocity.utils.GameLogger log
INFOS: [2025-11-24T21:10:35.680070500] [STATE] Game: MENU -> PLAYING
nov. 24, 2025 9:10:35 PM com.ecocity.utils.GameLogger log
INFOS: [2025-11-24T21:10:35.730463700] [DECORATOR] Applied to Usine
nov. 26, 2025 2:58:16 PM com.ecocity.utils.GameLogger log
INFOS: [2025-11-26T14:58:16.498419800] [INFO] Game Started
nov. 26, 2025 2:58:27 PM com.ecocity.utils.GameLogger log
INFOS: [2025-11-26T14:58:27.561812200] [STATE] Game: MENU -> PLAYING
nov. 26, 2025 2:58:27 PM com.ecocity.utils.GameLogger log
INFOS: [2025-11-26T14:58:27.598431800] [DECORATOR] Applied to Usine
nov. 26, 2025 2:59:32 PM com.ecocity.utils.GameLogger log
INFOS: [2025-11-26T14:59:32.348814800] [GAME] Game Over triggered! Pollution too high.
nov. 26, 2025 2:59:39 PM com.ecocity.utils.GameLogger log
INFOS: [2025-11-26T14:59:39.422458300] [STATE] Game: MENU -> PLAYING
nov. 26, 2025 2:59:39 PM com.ecocity.utils.GameLogger log
INFOS: [2025-11-26T14:59:39.424467800] [DECORATOR] Applied to Usine
nov. 26, 2025 3:00:38 PM com.ecocity.utils.GameLogger log
INFOS: [2025-11-26T15:00:38.396865] [GAME] Game Over triggered! Pollution too high.
nov. 26, 2025 3:12:39 PM com.ecocity.utils.GameLogger log
INFOS: [2025-11-26T15:12:39.247839800] [INFO] Game Started
nov. 26, 2025 3:13:16 PM com.ecocity.utils.GameLogger log
INFOS: [2025-11-26T15:13:16.283065500] [STATE] Game: MENU -> PLAYING
nov. 26, 2025 3:13:16 PM com.ecocity.utils.GameLogger log
INFOS: [2025-11-26T15:13:16.325027] [DECORATOR] Applied to Usine Solaire
nov. 26, 2025 3:13:59 PM com.ecocity.utils.GameLogger log
INFOS: [2025-11-26T15:13:59.794641800] [STATE] Game: MENU -> PLAYING
nov. 26, 2025 3:13:59 PM com.ecocity.utils.GameLogger log
INFOS: [2025-11-26T15:13:59.795642100] [DECORATOR] Applied to Usine Solaire
nov. 26, 2025 3:14:39 PM com.ecocity.utils.GameLogger log
INFOS: [2025-11-26T15:14:39.603062100] [STATE] Game: MENU -> PLAYING
nov. 26, 2025 3:14:39 PM com.ecocity.utils.GameLogger log
INFOS: [2025-11-26T15:14:39.605058200] [DECORATOR] Applied to Usine Solaire
nov. 26, 2025 3:27:05 PM com.ecocity.utils.GameLogger log
INFOS: [2025-11-26T15:27:05.831764300] [INFO] Game Started
nov. 26, 2025 3:28:10 PM com.ecocity.utils.GameLogger log
INFOS: [2025-11-26T15:28:10.054929100] [STATE] Game: MENU -> PLAYING
nov. 26, 2025 3:28:10 PM com.ecocity.utils.GameLogger log
INFOS: [2025-11-26T15:28:10.096491300] [DECORATOR] Applied to Usine Tech
nov. 26, 2025 3:28:22 PM com.ecocity.utils.GameLogger log
INFOS: [2025-11-26T15:28:22.847937300] [STATE] Game: MENU -> PLAYING
nov. 26, 2025 3:28:22 PM com.ecocity.utils.GameLogger log
INFOS: [2025-11-26T15:28:22.848937400] [DECORATOR] Applied to Usine Tech
nov. 26, 2025 3:28:30 PM com.ecocity.utils.GameLogger log
INFOS: [2025-11-26T15:28:30.837803800] [STATE] Game: MENU -> PLAYING
nov. 26, 2025 3:28:30 PM com.ecocity.utils.GameLogger log
INFOS: [2025-11-26T15:28:30.838893600] [DECORATOR] Applied to Usine Tech
nov. 26, 2025 3:28:31 PM com.ecocity.utils.GameLogger log
INFOS: [2025-11-26T15:28:31.603309600] [STATE] Game: MENU -> PLAYING
nov. 26, 2025 3:28:31 PM com.ecocity.utils.GameLogger log
INFOS: [2025-11-26T15:28:31.605308] [DECORATOR] Applied to Usine Tech
nov. 26, 2025 3:28:32 PM com.ecocity.utils.GameLogger log
INFOS: [2025-11-26T15:28:32.446985] [STATE] Game: MENU -> PLAYING
nov. 26, 2025 3:28:32 PM com.ecocity.utils.GameLogger log
INFOS: [2025-11-26T15:28:32.448085400] [DECORATOR] Applied to Usine Tech
nov. 26, 2025 3:28:33 PM com.ecocity.utils.GameLogger log
INFOS: [2025-11-26T15:28:33.115673400] [STATE] Game: MENU -> PLAYING
nov. 26, 2025 3:28:33 PM com.ecocity.utils.GameLogger log
INFOS: [2025-11-26T15:28:33.116694300] [DECORATOR] Applied to Usine Tech
nov. 26, 2025 3:28:34 PM com.ecocity.utils.GameLogger log
INFOS: [2025-11-26T15:28:34.023281200] [STATE] Game: MENU -> PLAYING
nov. 26, 2025 3:28:34 PM com.ecocity.utils.GameLogger log
INFOS: [2025-11-26T15:28:34.024363100] [DECORATOR] Applied to Usine Tech
nov. 26, 2025 3:28:34 PM com.ecocity.utils.GameLogger log
INFOS: [2025-11-26T15:28:34.958391500] [STATE] Game: MENU -> PLAYING
nov. 26, 2025 3:28:34 PM com.ecocity.utils.GameLogger log
INFOS: [2025-11-26T15:28:34.959958] [DECORATOR] Applied to Usine Tech
nov. 26, 2025 3:28:56 PM com.ecocity.utils.GameLogger log
INFOS: [2025-11-26T15:28:56.236843300] [STATE] Game: MENU -> PLAYING
nov. 26, 2025 3:28:56 PM com.ecocity.utils.GameLogger log
INFOS: [2025-11-26T15:28:56.237858200] [DECORATOR] Applied to Usine Tech
nov. 26, 2025 4:34:17 PM com.ecocity.utils.GameLogger log
INFOS: [2025-11-26T16:34:17.720041800] [INFO] Game Started
nov. 26, 2025 4:40:00 PM com.ecocity.utils.GameLogger log
INFOS: [2025-11-26T16:40:00.453036200] [STATE] Game: MENU -> PLAYING
nov. 26, 2025 4:40:00 PM com.ecocity.utils.GameLogger log
INFOS: [2025-11-26T16:40:00.498878200] [DECORATOR] Applied to Usine B
nov. 26, 2025 4:40:31 PM com.ecocity.utils.GameLogger log
INFOS: [2025-11-26T16:40:31.434401100] [STATE] Game: MENU -> PLAYING
nov. 26, 2025 4:40:31 PM com.ecocity.utils.GameLogger log
INFOS: [2025-11-26T16:40:31.437423500] [DECORATOR] Applied to Usine B
nov. 26, 2025 5:56:33 PM com.ecocity.utils.GameLogger log
INFOS: [2025-11-26T17:56:33.627964600] [STATE] Game: MENU -> PLAYING
nov. 26, 2025 5:56:33 PM com.ecocity.utils.GameLogger log
INFOS: [2025-11-26T17:56:33.630017300] [DECORATOR] Applied to Usine B
nov. 26, 2025 5:57:09 PM com.ecocity.utils.GameLogger log
INFOS: [2025-11-26T17:57:09.915333800] [STATE] Game: MENU -> PLAYING
nov. 26, 2025 5:57:09 PM com.ecocity.utils.GameLogger log
INFOS: [2025-11-26T17:57:09.916707500] [DECORATOR] Applied to Usine B
nov. 26, 2025 5:57:44 PM com.ecocity.utils.GameLogger log
INFOS: [2025-11-26T17:57:44.978528100] [STATE] Game: MENU -> PLAYING
nov. 26, 2025 5:57:44 PM com.ecocity.utils.GameLogger log
INFOS: [2025-11-26T17:57:44.980146300] [DECORATOR] Applied to Usine B
nov. 26, 2025 6:36:19 PM com.ecocity.utils.GameLogger log
INFOS: [2025-11-26T18:36:19.703744200] [INFO] Game Started
nov. 26, 2025 6:43:16 PM com.ecocity.utils.GameLogger log
INFOS: [2025-11-26T18:43:16.370663500] [INFO] Game Started
Nov 30, 2025 9:25:41 PM com.ecocity.utils.GameLogger log
INFO: [2025-11-30T21:25:41.583143200] [INFO] Game Started
